Arguments: 
  /usr/bin/node /usr/local/bin/yarn

PATH: 
  /usr/local/sbin:/usr/local/bin:/usr/sbin:/usr/bin:/sbin:/bin:/usr/games:/usr/local/games:/snap/bin:/home/sumit/.rvm/bin:/home/sumit/.rvm/bin

Yarn version: 
  1.15.2

Node version: 
  8.10.0

Platform: 
  linux x64

Trace: 
  Error: EACCES: permission denied, mkdir '/home/sumit/Documents/Sumit - Nascent/Projects/drema-job-serverless/dream-job-serverless/node_modules/aws-sdk/node_modules/buffer/node_modules'

npm manifest: 
  {
    "name": "usermanagementapi",
    "version": "0.0.1",
    "description": "API for User Management",
    "scripts": {
      "start": "sls offline start",
      "deploy": "sls deploy -v"
    },
    "author": "Sulay Sumaria",
    "license": "MIT",
    "dependencies": {
      "joi": "^14.3.1",
      "mongodb": "^3.2.3"
    },
    "devDependencies": {
      "serverless": "^1.40.0",
      "serverless-offline": "^4.9.4"
    }
  }

yarn manifest: 
  No manifest

Lockfile: 
  No lockfile
